d:\newprojects\dbproject\dbproject\debug\vc120.pdb
d:\newprojects\dbproject\dbproject\debug\vc120.idb
d:\newprojects\dbproject\dbproject\debug\application.obj
d:\newprojects\dbproject\dbproject\debug\main.obj
d:\newprojects\dbproject\dbproject\debug\observer.obj
d:\newprojects\dbproject\dbproject\debug\subject.obj
d:\newprojects\dbproject\dbproject\debug\window.obj
d:\newprojects\dbproject\dbproject\debug\mainapplicationwindow.obj
d:\newprojects\dbproject\dbproject\debug\databaseconnectionstate.obj
d:\newprojects\dbproject\dbproject\debug\odbcconnection.obj
d:\newprojects\dbproject\dbproject\debug\sqlbinding.obj
d:\newprojects\dbproject\dbproject\debug\database.obj
d:\newprojects\dbproject\dbproject\debug\databaseuser.obj
d:\newprojects\dbproject\dbproject\debug\databasecontroller.obj
d:\newprojects\dbproject\dbproject\debug\cashiercontrolpanel.obj
d:\newprojects\dbproject\dbproject\debug\cashierinterface.obj
d:\newprojects\dbproject\dbproject\debug\clientview.obj
d:\newprojects\dbproject\dbproject\debug\controlpanel.obj
d:\newprojects\dbproject\dbproject\debug\editcontroltemplate.obj
d:\newprojects\dbproject\dbproject\debug\employeeview.obj
d:\newprojects\dbproject\dbproject\debug\imagetemplate.obj
d:\newprojects\dbproject\dbproject\debug\listview.obj
d:\newprojects\dbproject\dbproject\debug\userinterface.obj
d:\newprojects\dbproject\dbproject\debug\userinterfacefactory.obj
d:\newprojects\dbproject\dbproject\debug\view.obj
d:\newprojects\dbproject\dbproject\debug\authenticationform.obj
d:\newprojects\dbproject\dbproject\debug\userinterfacecontroller.obj
d:\newprojects\dbproject\debug\dbproject.ilk
d:\newprojects\dbproject\debug\dbproject.exe
d:\newprojects\dbproject\debug\dbproject.pdb
d:\newprojects\dbproject\dbproject\debug\dbproject.tlog\cl.command.1.tlog
d:\newprojects\dbproject\dbproject\debug\dbproject.tlog\cl.read.1.tlog
d:\newprojects\dbproject\dbproject\debug\dbproject.tlog\cl.write.1.tlog
d:\newprojects\dbproject\dbproject\debug\dbproject.tlog\link.command.1.tlog
d:\newprojects\dbproject\dbproject\debug\dbproject.tlog\link.read.1.tlog
d:\newprojects\dbproject\dbproject\debug\dbproject.tlog\link.write.1.tlog
